<?xml version="1.0" encoding="UTF-8"?>
<!-- Generated by org.testng.reporters.JUnitXMLReporter -->
<testsuite ignored="9" hostname="DESKTOP-FF9S3V8" failures="1" tests="1" name="Test" time="33.712" errors="0" timestamp="2024-09-25T10:26:33 EDT">
  <testcase classname="QALegendTestcases.TestCases" name="variationAdd" time="7.236">
    <failure type="org.openqa.selenium.ElementNotInteractableException" message="element not interactable
  (Session info: chrome=128.0.6613.138)
Build info: version: &amp;apos;4.24.0&amp;apos;, revision: &amp;apos;748ffc9bc3&amp;apos;
System info: os.name: &amp;apos;Windows 11&amp;apos;, os.arch: &amp;apos;amd64&amp;apos;, os.version: &amp;apos;10.0&amp;apos;, java.version: &amp;apos;17.0.11&amp;apos;
Driver info: org.openqa.selenium.chrome.ChromeDriver
Command: [a2863963a2a1559160995763af928ede, sendKeysToElement {id=f.85F6670035E3736B97977767925D420C.d.F69FD31DC2AAC08BEF0F411C2CF083B3.e.113, value=[Ljava.lang.CharSequence;@4d4d8fcf}]
Capabilities {acceptInsecureCerts: false, browserName: chrome, browserVersion: 128.0.6613.138, chrome: {chromedriverVersion: 128.0.6613.137 (fe621c5aa2d..., userDataDir: C:\Users\midhu\AppData\Loca...}, fedcm:accounts: true, goog:chromeOptions: {debuggerAddress: localhost:60236}, networkConnectionEnabled: false, pageLoadStrategy: normal, platformName: windows, proxy: Proxy(), se:cdp: ws://localhost:60236/devtoo..., se:cdpVersion: 128.0.6613.138, setWindowRect: true, strictFileInteractability: false, timeouts: {implicit: 0, pageLoad: 300000, script: 30000}, unhandledPromptBehavior: dismiss and notify, webauthn:extension:credBlob: true, webauthn:extension:largeBlob: true, webauthn:extension:minPinLength: true, webauthn:extension:prf: true, webauthn:virtualAuthenticators: true}
Element: [[ChromeDriver: chrome on windows (a2863963a2a1559160995763af928ede)] -&amp;gt; xpath: //input[@aria-controls=&amp;apos;variation_table&amp;apos;]]
Session ID: a2863963a2a1559160995763af928ede">
      <![CDATA[org.openqa.selenium.ElementNotInteractableException: element not interactable
  (Session info: chrome=128.0.6613.138)
Build info: version: '4.24.0', revision: '748ffc9bc3'
System info: os.name: 'Windows 11', os.arch: 'amd64', os.version: '10.0', java.version: '17.0.11'
Driver info: org.openqa.selenium.chrome.ChromeDriver
Command: [a2863963a2a1559160995763af928ede, sendKeysToElement {id=f.85F6670035E3736B97977767925D420C.d.F69FD31DC2AAC08BEF0F411C2CF083B3.e.113, value=[Ljava.lang.CharSequence;@4d4d8fcf}]
Capabilities {acceptInsecureCerts: false, browserName: chrome, browserVersion: 128.0.6613.138, chrome: {chromedriverVersion: 128.0.6613.137 (fe621c5aa2d..., userDataDir: C:\Users\midhu\AppData\Loca...}, fedcm:accounts: true, goog:chromeOptions: {debuggerAddress: localhost:60236}, networkConnectionEnabled: false, pageLoadStrategy: normal, platformName: windows, proxy: Proxy(), se:cdp: ws://localhost:60236/devtoo..., se:cdpVersion: 128.0.6613.138, setWindowRect: true, strictFileInteractability: false, timeouts: {implicit: 0, pageLoad: 300000, script: 30000}, unhandledPromptBehavior: dismiss and notify, webauthn:extension:credBlob: true, webauthn:extension:largeBlob: true, webauthn:extension:minPinLength: true, webauthn:extension:prf: true, webauthn:virtualAuthenticators: true}
Element: [[ChromeDriver: chrome on windows (a2863963a2a1559160995763af928ede)] -> xpath: //input[@aria-controls='variation_table']]
Session ID: a2863963a2a1559160995763af928ede
at org.openqa.selenium.remote.ErrorCodec.decode(ErrorCodec.java:167)
at org.openqa.selenium.remote.codec.w3c.W3CHttpResponseCodec.decode(W3CHttpResponseCodec.java:138)
at org.openqa.selenium.remote.codec.w3c.W3CHttpResponseCodec.decode(W3CHttpResponseCodec.java:50)
at org.openqa.selenium.remote.HttpCommandExecutor.execute(HttpCommandExecutor.java:190)
at org.openqa.selenium.remote.service.DriverCommandExecutor.invokeExecute(DriverCommandExecutor.java:216)
at org.openqa.selenium.remote.service.DriverCommandExecutor.execute(DriverCommandExecutor.java:174)
at org.openqa.selenium.remote.RemoteWebDriver.execute(RemoteWebDriver.java:545)
at org.openqa.selenium.remote.RemoteWebElement.execute(RemoteWebElement.java:223)
at org.openqa.selenium.remote.RemoteWebElement.sendKeys(RemoteWebElement.java:110)
at org.openqa.selenium.support.pagefactory.internal.LocatingElementHandler.invoke(LocatingElementHandler.java:51)
at jdk.proxy2/jdk.proxy2.$Proxy12.sendKeys(Unknown Source)
at Utilities.PageUtility.enterText(PageUtility.java:16)
at PageClasses.productClass.searchText(productClass.java:129)
at QALegendTestcases.TestCases.variationAdd(TestCases.java:240)
at java.base/java.util.ArrayList.forEach(ArrayList.java:1511)
... Removed 36 stack frames]]>
    </failure>
  </testcase> <!-- variationAdd -->
  <testcase classname="QALegendTestcases.TestCases" name="deleteUser" time="0.0">
    <ignored/>
  </testcase> <!-- deleteUser -->
  <testcase classname="QALegendTestcases.TestCases" name="addSellingPrice" time="0.0">
    <ignored/>
  </testcase> <!-- addSellingPrice -->
  <testcase classname="QALegendTestcases.TestCases" name="addCustomerGroups" time="0.0">
    <ignored/>
  </testcase> <!-- addCustomerGroups -->
  <testcase classname="QALegendTestcases.TestCases" name="addStockadjustment" time="0.0">
    <ignored/>
  </testcase> <!-- addStockadjustment -->
  <testcase classname="QALegendTestcases.TestCases" name="addContactSupplier" time="0.0">
    <ignored/>
  </testcase> <!-- addContactSupplier -->
  <testcase classname="QALegendTestcases.TestCases" name="addRoles" time="0.0">
    <ignored/>
  </testcase> <!-- addRoles -->
  <testcase classname="QALegendTestcases.TestCases" name="userCreation" time="0.0">
    <ignored/>
  </testcase> <!-- userCreation -->
  <testcase classname="QALegendTestcases.TestCases" name="productAdd" time="0.0">
    <ignored/>
  </testcase> <!-- productAdd -->
  <testcase classname="QALegendTestcases.TestCases" name="addSalesCommission" time="0.0">
    <ignored/>
  </testcase> <!-- addSalesCommission -->
</testsuite> <!-- Test -->
